<?xml version="1.0" encoding="UTF-8"?>
<testsuite name="com.bridgelabz.selenium.test.LinkedInTest" tests="1" skipped="0" failures="0" errors="0" timestamp="2021-07-22T07:03:55" hostname="DESKTOP-KFGQFK8" time="75.8">
  <properties/>
  <testcase name="loginTo_Application_with_valid_credentials" classname="com.bridgelabz.selenium.test.LinkedInTest" time="75.8"/>
  <system-out><![CDATA[https://www.linkedin.com/feed/?trk=guest_homepage-basic_nav-header-signin
]]></system-out>
  <system-err><![CDATA[]]></system-err>
</testsuite>
